<?xml version="1.0" encoding="UTF-8"?>
<!-- Generated by org.testng.reporters.JUnitReportReporter -->
<testsuite hostname="LAPTOP-HUA43AO6" name="Testemail" tests="1" failures="0" timestamp="5 Jan 2020 07:22:42 GMT" time="3.633" errors="0">
  <testcase name="verified" time="3.633" classname="Testemail"/>
</testsuite> <!-- Testemail -->
