<?xml version="1.0" encoding="UTF-8"?>
<!-- Generated by org.testng.reporters.JUnitReportReporter -->
<testsuite hostname="LAPTOP-HUA43AO6" name="Testproduct" tests="1" failures="0" timestamp="5 Jan 2020 07:18:26 GMT" time="9.133" errors="0">
  <testcase name="checkproduct" time="9.133" classname="Testproduct"/>
</testsuite> <!-- Testproduct -->
