<?xml version="1.0" encoding="UTF-8"?>
<!-- Generated by org.testng.reporters.JUnitReportReporter -->
<testsuite hostname="LAPTOP-HUA43AO6" name="pagecounttest" tests="1" failures="0" timestamp="30 Dec 2019 09:37:51 GMT" time="5.014" errors="0">
  <testcase name="verifypagecountobject" time="5.014" classname="pagecounttest"/>
</testsuite> <!-- pagecounttest -->
