<?xml version="1.0" encoding="UTF-8"?>
<!-- Generated by org.testng.reporters.JUnitReportReporter -->
<testsuite hostname="LAPTOP-HUA43AO6" name="HomePageTest" tests="4" failures="0" timestamp="27 Dec 2019 08:17:23 GMT" time="10.503" errors="0">
  <testcase name="verifyDresses" time="0.121" classname="HomePageTest"/>
  <testcase name="verifyTshirts" time="0.054" classname="HomePageTest"/>
  <testcase name="verifyWomen" time="0.088" classname="HomePageTest"/>
  <testcase name="verifytabs" time="10.240" classname="HomePageTest"/>
</testsuite> <!-- HomePageTest -->
