<?xml version="1.0" encoding="UTF-8"?>
<!-- Generated by org.testng.reporters.JUnitReportReporter -->
<testsuite hostname="LAPTOP-HUA43AO6" name="SizePageTest" tests="1" failures="0" timestamp="30 Dec 2019 08:32:57 GMT" time="3.088" errors="0">
  <testcase name="verifysmallsize" time="3.088" classname="SizePageTest"/>
</testsuite> <!-- SizePageTest -->
