<?xml version="1.0" encoding="UTF-8"?>
<!-- Generated by org.testng.reporters.JUnitReportReporter -->
<testsuite hostname="LAPTOP-HUA43AO6" name="nametest" tests="1" failures="0" timestamp="27 Dec 2019 15:42:10 GMT" time="0.018" errors="0">
  <testcase name="checkEquals" time="0.018" classname="nametest"/>
</testsuite> <!-- nametest -->
