<?xml version="1.0" encoding="UTF-8"?>
<!-- Generated by org.testng.reporters.JUnitReportReporter -->
<testsuite hostname="LAPTOP-HUA43AO6" name="SizePageTest" tests="1" failures="0" timestamp="5 Jan 2020 07:21:02 GMT" time="3.162" errors="0">
  <testcase name="verifysmallsize" time="3.162" classname="SizePageTest"/>
</testsuite> <!-- SizePageTest -->
