<?xml version="1.0" encoding="UTF-8"?>
<!-- Generated by org.testng.reporters.JUnitReportReporter -->
<testsuite hostname="LAPTOP-HUA43AO6" name="HomePageTest" tests="4" failures="0" timestamp="5 Jan 2020 07:21:02 GMT" time="10.418" errors="0">
  <testcase name="verifyWomen" time="0.101" classname="HomePageTest"/>
  <testcase name="verifytabs" time="10.153" classname="HomePageTest"/>
  <testcase name="verifyTshirts" time="0.064" classname="HomePageTest"/>
  <testcase name="verifyDresses" time="0.100" classname="HomePageTest"/>
</testsuite> <!-- HomePageTest -->
